{"/Users/alexanderfedin/Projects/hapyy/hupyy-cpp-to-c/website/src/adapters/BackendTranspilerAdapter.ts": {"path":"/Users/alexanderfedin/Projects/hapyy/hupyy-cpp-to-c/website/src/adapters/BackendTranspilerAdapter.ts","all":true,"statementMap":{"39":{"start":{"line":40,"column":0},"end":{"line":40,"column":62}},"40":{"start":{"line":41,"column":0},"end":{"line":41,"column":34}},"47":{"start":{"line":48,"column":0},"end":{"line":48,"column":31}},"49":{"start":{"line":50,"column":0},"end":{"line":50,"column":70}},"50":{"start":{"line":51,"column":0},"end":{"line":51,"column":3}},"59":{"start":{"line":60,"column":0},"end":{"line":60,"column":89}},"60":{"start":{"line":61,"column":0},"end":{"line":61,"column":9}},"61":{"start":{"line":62,"column":0},"end":{"line":62,"column":68}},"62":{"start":{"line":63,"column":0},"end":{"line":63,"column":23}},"63":{"start":{"line":64,"column":0},"end":{"line":64,"column":18}},"64":{"start":{"line":65,"column":0},"end":{"line":65,"column":44}},"65":{"start":{"line":66,"column":0},"end":{"line":66,"column":10}},"66":{"start":{"line":67,"column":0},"end":{"line":67,"column":30}},"67":{"start":{"line":68,"column":0},"end":{"line":68,"column":17}},"68":{"start":{"line":69,"column":0},"end":{"line":69,"column":32}},"69":{"start":{"line":70,"column":0},"end":{"line":70,"column":10}},"70":{"start":{"line":71,"column":0},"end":{"line":71,"column":9}},"72":{"start":{"line":73,"column":0},"end":{"line":73,"column":25}},"73":{"start":{"line":74,"column":0},"end":{"line":74,"column":66}},"74":{"start":{"line":75,"column":0},"end":{"line":75,"column":44}},"75":{"start":{"line":76,"column":0},"end":{"line":76,"column":53}},"76":{"start":{"line":77,"column":0},"end":{"line":77,"column":70}},"78":{"start":{"line":79,"column":0},"end":{"line":79,"column":16}},"79":{"start":{"line":80,"column":0},"end":{"line":80,"column":25}},"80":{"start":{"line":81,"column":0},"end":{"line":81,"column":30}},"81":{"start":{"line":82,"column":0},"end":{"line":82,"column":41}},"82":{"start":{"line":83,"column":0},"end":{"line":83,"column":10}},"83":{"start":{"line":84,"column":0},"end":{"line":84,"column":7}},"85":{"start":{"line":86,"column":0},"end":{"line":86,"column":67}},"87":{"start":{"line":88,"column":0},"end":{"line":88,"column":14}},"88":{"start":{"line":89,"column":0},"end":{"line":89,"column":30}},"89":{"start":{"line":90,"column":0},"end":{"line":90,"column":26}},"90":{"start":{"line":91,"column":0},"end":{"line":91,"column":26}},"91":{"start":{"line":92,"column":0},"end":{"line":92,"column":38}},"92":{"start":{"line":93,"column":0},"end":{"line":93,"column":39}},"93":{"start":{"line":94,"column":0},"end":{"line":94,"column":8}},"94":{"start":{"line":95,"column":0},"end":{"line":95,"column":21}},"96":{"start":{"line":97,"column":0},"end":{"line":97,"column":57}},"98":{"start":{"line":99,"column":0},"end":{"line":99,"column":14}},"99":{"start":{"line":100,"column":0},"end":{"line":100,"column":23}},"100":{"start":{"line":101,"column":0},"end":{"line":101,"column":28}},"101":{"start":{"line":102,"column":0},"end":{"line":102,"column":39}},"102":{"start":{"line":103,"column":0},"end":{"line":103,"column":8}},"103":{"start":{"line":104,"column":0},"end":{"line":104,"column":5}},"104":{"start":{"line":105,"column":0},"end":{"line":105,"column":3}},"112":{"start":{"line":113,"column":0},"end":{"line":113,"column":66}},"113":{"start":{"line":114,"column":0},"end":{"line":114,"column":9}},"114":{"start":{"line":115,"column":0},"end":{"line":115,"column":67}},"115":{"start":{"line":116,"column":0},"end":{"line":116,"column":23}},"116":{"start":{"line":117,"column":0},"end":{"line":117,"column":18}},"117":{"start":{"line":118,"column":0},"end":{"line":118,"column":44}},"118":{"start":{"line":119,"column":0},"end":{"line":119,"column":10}},"119":{"start":{"line":120,"column":0},"end":{"line":120,"column":40}},"120":{"start":{"line":121,"column":0},"end":{"line":121,"column":9}},"122":{"start":{"line":123,"column":0},"end":{"line":123,"column":25}},"123":{"start":{"line":124,"column":0},"end":{"line":124,"column":66}},"124":{"start":{"line":125,"column":0},"end":{"line":125,"column":106}},"126":{"start":{"line":127,"column":0},"end":{"line":127,"column":16}},"127":{"start":{"line":128,"column":0},"end":{"line":128,"column":23}},"128":{"start":{"line":129,"column":0},"end":{"line":129,"column":32}},"129":{"start":{"line":130,"column":0},"end":{"line":130,"column":10}},"130":{"start":{"line":131,"column":0},"end":{"line":131,"column":7}},"132":{"start":{"line":133,"column":0},"end":{"line":133,"column":68}},"134":{"start":{"line":135,"column":0},"end":{"line":135,"column":14}},"135":{"start":{"line":136,"column":0},"end":{"line":136,"column":26}},"136":{"start":{"line":137,"column":0},"end":{"line":137,"column":34}},"137":{"start":{"line":138,"column":0},"end":{"line":138,"column":37}},"138":{"start":{"line":139,"column":0},"end":{"line":139,"column":8}},"139":{"start":{"line":140,"column":0},"end":{"line":140,"column":21}},"141":{"start":{"line":142,"column":0},"end":{"line":142,"column":57}},"143":{"start":{"line":144,"column":0},"end":{"line":144,"column":14}},"144":{"start":{"line":145,"column":0},"end":{"line":145,"column":21}},"145":{"start":{"line":146,"column":0},"end":{"line":146,"column":30}},"146":{"start":{"line":147,"column":0},"end":{"line":147,"column":8}},"147":{"start":{"line":148,"column":0},"end":{"line":148,"column":5}},"148":{"start":{"line":149,"column":0},"end":{"line":149,"column":3}},"156":{"start":{"line":157,"column":0},"end":{"line":157,"column":53}},"157":{"start":{"line":158,"column":0},"end":{"line":158,"column":33}},"159":{"start":{"line":160,"column":0},"end":{"line":160,"column":40}},"160":{"start":{"line":161,"column":0},"end":{"line":161,"column":33}},"161":{"start":{"line":162,"column":0},"end":{"line":162,"column":7}},"164":{"start":{"line":165,"column":0},"end":{"line":165,"column":60}},"165":{"start":{"line":166,"column":0},"end":{"line":166,"column":51}},"166":{"start":{"line":167,"column":0},"end":{"line":167,"column":7}},"169":{"start":{"line":170,"column":0},"end":{"line":170,"column":60}},"170":{"start":{"line":171,"column":0},"end":{"line":171,"column":31}},"171":{"start":{"line":172,"column":0},"end":{"line":172,"column":7}},"174":{"start":{"line":175,"column":0},"end":{"line":175,"column":43}},"175":{"start":{"line":176,"column":0},"end":{"line":176,"column":57}},"176":{"start":{"line":177,"column":0},"end":{"line":177,"column":7}},"179":{"start":{"line":180,"column":0},"end":{"line":180,"column":27}},"180":{"start":{"line":181,"column":0},"end":{"line":181,"column":5}},"182":{"start":{"line":183,"column":0},"end":{"line":183,"column":36}},"183":{"start":{"line":184,"column":0},"end":{"line":184,"column":3}},"184":{"start":{"line":185,"column":0},"end":{"line":185,"column":1}}},"s":{"39":0,"40":0,"47":0,"49":0,"50":0,"59":0,"60":0,"61":0,"62":0,"63":0,"64":0,"65":0,"66":0,"67":0,"68":0,"69":0,"70":0,"72":0,"73":0,"74":0,"75":0,"76":0,"78":0,"79":0,"80":0,"81":0,"82":0,"83":0,"85":0,"87":0,"88":0,"89":0,"90":0,"91":0,"92":0,"93":0,"94":0,"96":0,"98":0,"99":0,"100":0,"101":0,"102":0,"103":0,"104":0,"112":0,"113":0,"114":0,"115":0,"116":0,"117":0,"118":0,"119":0,"120":0,"122":0,"123":0,"124":0,"126":0,"127":0,"128":0,"129":0,"130":0,"132":0,"134":0,"135":0,"136":0,"137":0,"138":0,"139":0,"141":0,"143":0,"144":0,"145":0,"146":0,"147":0,"148":0,"156":0,"157":0,"159":0,"160":0,"161":0,"164":0,"165":0,"166":0,"169":0,"170":0,"171":0,"174":0,"175":0,"176":0,"179":0,"180":0,"182":0,"183":0,"184":0},"branchMap":{"0":{"type":"branch","line":1,"loc":{"start":{"line":1,"column":5047},"end":{"line":185,"column":1}},"locations":[{"start":{"line":1,"column":5047},"end":{"line":185,"column":1}}]}},"b":{"0":[1]},"fnMap":{"0":{"name":"(empty-report)","decl":{"start":{"line":1,"column":5047},"end":{"line":185,"column":1}},"loc":{"start":{"line":1,"column":5047},"end":{"line":185,"column":1}},"line":1}},"f":{"0":1}}
,"/Users/alexanderfedin/Projects/hapyy/hupyy-cpp-to-c/website/src/adapters/FileSystemAccessAdapter.ts": {"path":"/Users/alexanderfedin/Projects/hapyy/hupyy-cpp-to-c/website/src/adapters/FileSystemAccessAdapter.ts","all":false,"statementMap":{"42":{"start":{"line":43,"column":0},"end":{"line":43,"column":61}},"43":{"start":{"line":44,"column":0},"end":{"line":44,"column":78}},"44":{"start":{"line":45,"column":0},"end":{"line":45,"column":88}},"52":{"start":{"line":53,"column":0},"end":{"line":53,"column":47}},"54":{"start":{"line":55,"column":0},"end":{"line":55,"column":62}},"57":{"start":{"line":58,"column":0},"end":{"line":58,"column":60}},"58":{"start":{"line":59,"column":0},"end":{"line":59,"column":43}},"59":{"start":{"line":60,"column":0},"end":{"line":60,"column":5}},"62":{"start":{"line":63,"column":0},"end":{"line":63,"column":49}},"64":{"start":{"line":65,"column":0},"end":{"line":65,"column":22}},"65":{"start":{"line":66,"column":0},"end":{"line":66,"column":3}},"80":{"start":{"line":81,"column":0},"end":{"line":81,"column":32}},"81":{"start":{"line":82,"column":0},"end":{"line":82,"column":29}},"82":{"start":{"line":83,"column":0},"end":{"line":83,"column":35}},"83":{"start":{"line":84,"column":0},"end":{"line":84,"column":16}},"84":{"start":{"line":85,"column":0},"end":{"line":85,"column":20}},"85":{"start":{"line":86,"column":0},"end":{"line":86,"column":67}},"88":{"start":{"line":89,"column":0},"end":{"line":89,"column":61}},"90":{"start":{"line":91,"column":0},"end":{"line":91,"column":35}},"91":{"start":{"line":92,"column":0},"end":{"line":92,"column":13}},"92":{"start":{"line":93,"column":0},"end":{"line":93,"column":5}},"95":{"start":{"line":96,"column":0},"end":{"line":96,"column":72}},"97":{"start":{"line":98,"column":0},"end":{"line":98,"column":44}},"98":{"start":{"line":99,"column":0},"end":{"line":99,"column":52}},"99":{"start":{"line":100,"column":0},"end":{"line":100,"column":5}},"100":{"start":{"line":101,"column":0},"end":{"line":101,"column":3}},"105":{"start":{"line":106,"column":0},"end":{"line":106,"column":49}},"106":{"start":{"line":107,"column":0},"end":{"line":107,"column":52}},"107":{"start":{"line":108,"column":0},"end":{"line":108,"column":56}},"109":{"start":{"line":110,"column":0},"end":{"line":110,"column":18}},"110":{"start":{"line":111,"column":0},"end":{"line":111,"column":59}},"111":{"start":{"line":112,"column":0},"end":{"line":112,"column":5}},"114":{"start":{"line":115,"column":0},"end":{"line":115,"column":63}},"117":{"start":{"line":118,"column":0},"end":{"line":118,"column":40}},"118":{"start":{"line":119,"column":0},"end":{"line":119,"column":29}},"119":{"start":{"line":120,"column":0},"end":{"line":120,"column":3}},"124":{"start":{"line":125,"column":0},"end":{"line":125,"column":65}},"125":{"start":{"line":126,"column":0},"end":{"line":126,"column":52}},"126":{"start":{"line":127,"column":0},"end":{"line":127,"column":56}},"128":{"start":{"line":129,"column":0},"end":{"line":129,"column":18}},"129":{"start":{"line":130,"column":0},"end":{"line":130,"column":59}},"130":{"start":{"line":131,"column":0},"end":{"line":131,"column":5}},"133":{"start":{"line":134,"column":0},"end":{"line":134,"column":68}},"136":{"start":{"line":137,"column":0},"end":{"line":137,"column":51}},"138":{"start":{"line":139,"column":0},"end":{"line":139,"column":9}},"139":{"start":{"line":140,"column":0},"end":{"line":140,"column":36}},"140":{"start":{"line":141,"column":0},"end":{"line":141,"column":15}},"142":{"start":{"line":143,"column":0},"end":{"line":143,"column":29}},"143":{"start":{"line":144,"column":0},"end":{"line":144,"column":5}},"144":{"start":{"line":145,"column":0},"end":{"line":145,"column":3}},"149":{"start":{"line":150,"column":0},"end":{"line":150,"column":50}},"150":{"start":{"line":151,"column":0},"end":{"line":151,"column":52}},"151":{"start":{"line":152,"column":0},"end":{"line":152,"column":61}},"153":{"start":{"line":154,"column":0},"end":{"line":154,"column":18}},"154":{"start":{"line":155,"column":0},"end":{"line":155,"column":64}},"155":{"start":{"line":156,"column":0},"end":{"line":156,"column":5}},"157":{"start":{"line":158,"column":0},"end":{"line":158,"column":33}},"160":{"start":{"line":161,"column":0},"end":{"line":161,"column":48}},"161":{"start":{"line":162,"column":0},"end":{"line":162,"column":31}},"162":{"start":{"line":163,"column":0},"end":{"line":163,"column":5}},"164":{"start":{"line":165,"column":0},"end":{"line":165,"column":19}},"165":{"start":{"line":166,"column":0},"end":{"line":166,"column":3}},"170":{"start":{"line":171,"column":0},"end":{"line":171,"column":48}},"171":{"start":{"line":172,"column":0},"end":{"line":172,"column":52}},"173":{"start":{"line":174,"column":0},"end":{"line":174,"column":12}},"174":{"start":{"line":175,"column":0},"end":{"line":175,"column":45}},"175":{"start":{"line":176,"column":0},"end":{"line":176,"column":47}},"177":{"start":{"line":178,"column":0},"end":{"line":178,"column":3}},"183":{"start":{"line":184,"column":0},"end":{"line":184,"column":67}},"184":{"start":{"line":185,"column":0},"end":{"line":185,"column":52}},"185":{"start":{"line":186,"column":0},"end":{"line":186,"column":49}},"186":{"start":{"line":187,"column":0},"end":{"line":187,"column":3}},"192":{"start":{"line":193,"column":0},"end":{"line":193,"column":77}},"193":{"start":{"line":194,"column":0},"end":{"line":194,"column":52}},"194":{"start":{"line":195,"column":0},"end":{"line":195,"column":54}},"195":{"start":{"line":196,"column":0},"end":{"line":196,"column":3}},"200":{"start":{"line":201,"column":0},"end":{"line":201,"column":65}},"201":{"start":{"line":202,"column":0},"end":{"line":202,"column":52}},"202":{"start":{"line":203,"column":0},"end":{"line":203,"column":48}},"203":{"start":{"line":204,"column":0},"end":{"line":204,"column":3}},"208":{"start":{"line":209,"column":0},"end":{"line":209,"column":75}},"209":{"start":{"line":210,"column":0},"end":{"line":210,"column":52}},"210":{"start":{"line":211,"column":0},"end":{"line":211,"column":53}},"211":{"start":{"line":212,"column":0},"end":{"line":212,"column":3}},"216":{"start":{"line":217,"column":0},"end":{"line":217,"column":17}},"217":{"start":{"line":218,"column":0},"end":{"line":218,"column":29}},"218":{"start":{"line":219,"column":0},"end":{"line":219,"column":34}},"219":{"start":{"line":220,"column":0},"end":{"line":220,"column":3}},"220":{"start":{"line":221,"column":0},"end":{"line":221,"column":1}}},"s":{"42":1,"43":1,"44":34,"52":1,"54":65,"57":65,"58":1,"59":1,"62":65,"64":65,"65":65,"80":1,"81":12,"82":12,"83":12,"84":12,"85":12,"88":12,"90":12,"91":8,"92":8,"95":4,"97":12,"98":2,"99":2,"100":12,"105":1,"106":8,"107":8,"109":8,"110":2,"111":2,"114":6,"117":5,"118":3,"119":8,"124":1,"125":8,"126":8,"128":8,"129":2,"130":2,"133":6,"136":5,"138":5,"139":5,"140":8,"142":5,"143":5,"144":8,"149":1,"150":5,"151":5,"153":5,"154":2,"155":2,"157":3,"160":5,"161":6,"162":6,"164":3,"165":5,"170":1,"171":13,"173":13,"174":13,"175":6,"177":13,"183":1,"184":20,"185":20,"186":20,"192":1,"193":7,"194":7,"195":7,"200":1,"201":2,"202":2,"203":2,"208":1,"209":2,"210":2,"211":2,"216":1,"217":1,"218":1,"219":1,"220":1},"branchMap":{"0":{"type":"branch","line":44,"loc":{"start":{"line":44,"column":19},"end":{"line":45,"column":88}},"locations":[{"start":{"line":44,"column":19},"end":{"line":45,"column":88}}]},"1":{"type":"branch","line":53,"loc":{"start":{"line":53,"column":10},"end":{"line":66,"column":3}},"locations":[{"start":{"line":53,"column":10},"end":{"line":66,"column":3}}]},"2":{"type":"branch","line":55,"loc":{"start":{"line":55,"column":40},"end":{"line":55,"column":51}},"locations":[{"start":{"line":55,"column":40},"end":{"line":55,"column":51}}]},"3":{"type":"branch","line":55,"loc":{"start":{"line":55,"column":44},"end":{"line":55,"column":62}},"locations":[{"start":{"line":55,"column":44},"end":{"line":55,"column":62}}]},"4":{"type":"branch","line":58,"loc":{"start":{"line":58,"column":59},"end":{"line":60,"column":5}},"locations":[{"start":{"line":58,"column":59},"end":{"line":60,"column":5}}]},"5":{"type":"branch","line":81,"loc":{"start":{"line":81,"column":2},"end":{"line":101,"column":3}},"locations":[{"start":{"line":81,"column":2},"end":{"line":101,"column":3}}]},"6":{"type":"branch","line":91,"loc":{"start":{"line":91,"column":34},"end":{"line":93,"column":5}},"locations":[{"start":{"line":91,"column":34},"end":{"line":93,"column":5}}]},"7":{"type":"branch","line":93,"loc":{"start":{"line":93,"column":4},"end":{"line":98,"column":43}},"locations":[{"start":{"line":93,"column":4},"end":{"line":98,"column":43}}]},"8":{"type":"branch","line":98,"loc":{"start":{"line":98,"column":43},"end":{"line":100,"column":5}},"locations":[{"start":{"line":98,"column":43},"end":{"line":100,"column":5}}]},"9":{"type":"branch","line":106,"loc":{"start":{"line":106,"column":2},"end":{"line":120,"column":3}},"locations":[{"start":{"line":106,"column":2},"end":{"line":120,"column":3}}]},"10":{"type":"branch","line":110,"loc":{"start":{"line":110,"column":17},"end":{"line":112,"column":5}},"locations":[{"start":{"line":110,"column":17},"end":{"line":112,"column":5}}]},"11":{"type":"branch","line":112,"loc":{"start":{"line":112,"column":4},"end":{"line":115,"column":63}},"locations":[{"start":{"line":112,"column":4},"end":{"line":115,"column":63}}]},"12":{"type":"branch","line":115,"loc":{"start":{"line":115,"column":61},"end":{"line":118,"column":40}},"locations":[{"start":{"line":115,"column":61},"end":{"line":118,"column":40}}]},"13":{"type":"branch","line":118,"loc":{"start":{"line":118,"column":38},"end":{"line":119,"column":29}},"locations":[{"start":{"line":118,"column":38},"end":{"line":119,"column":29}}]},"14":{"type":"branch","line":125,"loc":{"start":{"line":125,"column":2},"end":{"line":145,"column":3}},"locations":[{"start":{"line":125,"column":2},"end":{"line":145,"column":3}}]},"15":{"type":"branch","line":129,"loc":{"start":{"line":129,"column":17},"end":{"line":131,"column":5}},"locations":[{"start":{"line":129,"column":17},"end":{"line":131,"column":5}}]},"16":{"type":"branch","line":131,"loc":{"start":{"line":131,"column":4},"end":{"line":134,"column":68}},"locations":[{"start":{"line":131,"column":4},"end":{"line":134,"column":68}}]},"17":{"type":"branch","line":134,"loc":{"start":{"line":134,"column":66},"end":{"line":140,"column":36}},"locations":[{"start":{"line":134,"column":66},"end":{"line":140,"column":36}}]},"18":{"type":"branch","line":140,"loc":{"start":{"line":140,"column":34},"end":{"line":141,"column":6}},"locations":[{"start":{"line":140,"column":34},"end":{"line":141,"column":6}}]},"19":{"type":"branch","line":141,"loc":{"start":{"line":141,"column":4},"end":{"line":144,"column":5}},"locations":[{"start":{"line":141,"column":4},"end":{"line":144,"column":5}}]},"20":{"type":"branch","line":150,"loc":{"start":{"line":150,"column":2},"end":{"line":166,"column":3}},"locations":[{"start":{"line":150,"column":2},"end":{"line":166,"column":3}}]},"21":{"type":"branch","line":154,"loc":{"start":{"line":154,"column":17},"end":{"line":156,"column":5}},"locations":[{"start":{"line":154,"column":17},"end":{"line":156,"column":5}}]},"22":{"type":"branch","line":156,"loc":{"start":{"line":156,"column":4},"end":{"line":161,"column":47}},"locations":[{"start":{"line":156,"column":4},"end":{"line":161,"column":47}}]},"23":{"type":"branch","line":161,"loc":{"start":{"line":161,"column":47},"end":{"line":163,"column":5}},"locations":[{"start":{"line":161,"column":47},"end":{"line":163,"column":5}}]},"24":{"type":"branch","line":163,"loc":{"start":{"line":163,"column":4},"end":{"line":165,"column":19}},"locations":[{"start":{"line":163,"column":4},"end":{"line":165,"column":19}}]},"25":{"type":"branch","line":171,"loc":{"start":{"line":171,"column":2},"end":{"line":178,"column":3}},"locations":[{"start":{"line":171,"column":2},"end":{"line":178,"column":3}}]},"26":{"type":"branch","line":175,"loc":{"start":{"line":175,"column":41},"end":{"line":176,"column":47}},"locations":[{"start":{"line":175,"column":41},"end":{"line":176,"column":47}}]},"27":{"type":"branch","line":184,"loc":{"start":{"line":184,"column":2},"end":{"line":187,"column":3}},"locations":[{"start":{"line":184,"column":2},"end":{"line":187,"column":3}}]},"28":{"type":"branch","line":193,"loc":{"start":{"line":193,"column":2},"end":{"line":196,"column":3}},"locations":[{"start":{"line":193,"column":2},"end":{"line":196,"column":3}}]},"29":{"type":"branch","line":201,"loc":{"start":{"line":201,"column":2},"end":{"line":204,"column":3}},"locations":[{"start":{"line":201,"column":2},"end":{"line":204,"column":3}}]},"30":{"type":"branch","line":209,"loc":{"start":{"line":209,"column":2},"end":{"line":212,"column":3}},"locations":[{"start":{"line":209,"column":2},"end":{"line":212,"column":3}}]},"31":{"type":"branch","line":217,"loc":{"start":{"line":217,"column":2},"end":{"line":220,"column":3}},"locations":[{"start":{"line":217,"column":2},"end":{"line":220,"column":3}}]}},"b":{"0":[34],"1":[65],"2":[64],"3":[1],"4":[1],"5":[12],"6":[8],"7":[4],"8":[2],"9":[8],"10":[2],"11":[6],"12":[5],"13":[3],"14":[8],"15":[2],"16":[6],"17":[5],"18":[3],"19":[5],"20":[5],"21":[2],"22":[3],"23":[6],"24":[3],"25":[13],"26":[6],"27":[20],"28":[7],"29":[2],"30":[2],"31":[1]},"fnMap":{"0":{"name":"<instance_members_initializer>","decl":{"start":{"line":44,"column":19},"end":{"line":45,"column":88}},"loc":{"start":{"line":44,"column":19},"end":{"line":45,"column":88}},"line":44},"1":{"name":"normalizePath","decl":{"start":{"line":53,"column":10},"end":{"line":66,"column":3}},"loc":{"start":{"line":53,"column":10},"end":{"line":66,"column":3}},"line":53},"2":{"name":"checkPermission","decl":{"start":{"line":81,"column":2},"end":{"line":101,"column":3}},"loc":{"start":{"line":81,"column":2},"end":{"line":101,"column":3}},"line":81},"3":{"name":"readFile","decl":{"start":{"line":106,"column":2},"end":{"line":120,"column":3}},"loc":{"start":{"line":106,"column":2},"end":{"line":120,"column":3}},"line":106},"4":{"name":"writeFile","decl":{"start":{"line":125,"column":2},"end":{"line":145,"column":3}},"loc":{"start":{"line":125,"column":2},"end":{"line":145,"column":3}},"line":125},"5":{"name":"readDir","decl":{"start":{"line":150,"column":2},"end":{"line":166,"column":3}},"loc":{"start":{"line":150,"column":2},"end":{"line":166,"column":3}},"line":150},"6":{"name":"exists","decl":{"start":{"line":171,"column":2},"end":{"line":178,"column":3}},"loc":{"start":{"line":171,"column":2},"end":{"line":178,"column":3}},"line":171},"7":{"name":"setFileHandle","decl":{"start":{"line":184,"column":2},"end":{"line":187,"column":3}},"loc":{"start":{"line":184,"column":2},"end":{"line":187,"column":3}},"line":184},"8":{"name":"setDirectoryHandle","decl":{"start":{"line":193,"column":2},"end":{"line":196,"column":3}},"loc":{"start":{"line":193,"column":2},"end":{"line":196,"column":3}},"line":193},"9":{"name":"getFileHandle","decl":{"start":{"line":201,"column":2},"end":{"line":204,"column":3}},"loc":{"start":{"line":201,"column":2},"end":{"line":204,"column":3}},"line":201},"10":{"name":"getDirectoryHandle","decl":{"start":{"line":209,"column":2},"end":{"line":212,"column":3}},"loc":{"start":{"line":209,"column":2},"end":{"line":212,"column":3}},"line":209},"11":{"name":"clear","decl":{"start":{"line":217,"column":2},"end":{"line":220,"column":3}},"loc":{"start":{"line":217,"column":2},"end":{"line":220,"column":3}},"line":217}},"f":{"0":34,"1":65,"2":12,"3":8,"4":8,"5":5,"6":13,"7":20,"8":7,"9":2,"10":2,"11":1}}
,"/Users/alexanderfedin/Projects/hapyy/hupyy-cpp-to-c/website/src/adapters/MockFileSystem.ts": {"path":"/Users/alexanderfedin/Projects/hapyy/hupyy-cpp-to-c/website/src/adapters/MockFileSystem.ts","all":true,"statementMap":{"16":{"start":{"line":17,"column":0},"end":{"line":17,"column":52}},"17":{"start":{"line":18,"column":0},"end":{"line":18,"column":44}},"22":{"start":{"line":23,"column":0},"end":{"line":23,"column":49}},"23":{"start":{"line":24,"column":0},"end":{"line":24,"column":52}},"25":{"start":{"line":26,"column":0},"end":{"line":26,"column":42}},"26":{"start":{"line":27,"column":0},"end":{"line":27,"column":49}},"27":{"start":{"line":28,"column":0},"end":{"line":28,"column":5}},"29":{"start":{"line":30,"column":0},"end":{"line":30,"column":43}},"30":{"start":{"line":31,"column":0},"end":{"line":31,"column":3}},"35":{"start":{"line":36,"column":0},"end":{"line":36,"column":65}},"36":{"start":{"line":37,"column":0},"end":{"line":37,"column":52}},"37":{"start":{"line":38,"column":0},"end":{"line":38,"column":44}},"38":{"start":{"line":39,"column":0},"end":{"line":39,"column":3}},"44":{"start":{"line":45,"column":0},"end":{"line":45,"column":50}},"45":{"start":{"line":46,"column":0},"end":{"line":46,"column":52}},"46":{"start":{"line":47,"column":0},"end":{"line":47,"column":91}},"48":{"start":{"line":49,"column":0},"end":{"line":49,"column":31}},"50":{"start":{"line":51,"column":0},"end":{"line":51,"column":47}},"51":{"start":{"line":52,"column":0},"end":{"line":52,"column":43}},"53":{"start":{"line":54,"column":0},"end":{"line":54,"column":66}},"56":{"start":{"line":57,"column":0},"end":{"line":57,"column":42}},"57":{"start":{"line":58,"column":0},"end":{"line":58,"column":35}},"58":{"start":{"line":59,"column":0},"end":{"line":59,"column":9}},"59":{"start":{"line":60,"column":0},"end":{"line":60,"column":7}},"60":{"start":{"line":61,"column":0},"end":{"line":61,"column":5}},"62":{"start":{"line":63,"column":0},"end":{"line":63,"column":17}},"63":{"start":{"line":64,"column":0},"end":{"line":64,"column":3}},"68":{"start":{"line":69,"column":0},"end":{"line":69,"column":48}},"69":{"start":{"line":70,"column":0},"end":{"line":70,"column":52}},"70":{"start":{"line":71,"column":0},"end":{"line":71,"column":42}},"71":{"start":{"line":72,"column":0},"end":{"line":72,"column":3}},"76":{"start":{"line":77,"column":0},"end":{"line":77,"column":48}},"77":{"start":{"line":78,"column":0},"end":{"line":78,"column":52}},"78":{"start":{"line":79,"column":0},"end":{"line":79,"column":44}},"79":{"start":{"line":80,"column":0},"end":{"line":80,"column":3}},"84":{"start":{"line":85,"column":0},"end":{"line":85,"column":17}},"85":{"start":{"line":86,"column":0},"end":{"line":86,"column":23}},"86":{"start":{"line":87,"column":0},"end":{"line":87,"column":3}},"91":{"start":{"line":92,"column":0},"end":{"line":92,"column":27}},"92":{"start":{"line":93,"column":0},"end":{"line":93,"column":41}},"93":{"start":{"line":94,"column":0},"end":{"line":94,"column":3}},"101":{"start":{"line":102,"column":0},"end":{"line":102,"column":47}},"102":{"start":{"line":103,"column":0},"end":{"line":103,"column":16}},"103":{"start":{"line":104,"column":0},"end":{"line":104,"column":17}},"104":{"start":{"line":105,"column":0},"end":{"line":105,"column":5}},"107":{"start":{"line":108,"column":0},"end":{"line":108,"column":62}},"110":{"start":{"line":111,"column":0},"end":{"line":111,"column":60}},"111":{"start":{"line":112,"column":0},"end":{"line":112,"column":43}},"112":{"start":{"line":113,"column":0},"end":{"line":113,"column":5}},"114":{"start":{"line":115,"column":0},"end":{"line":115,"column":22}},"115":{"start":{"line":116,"column":0},"end":{"line":116,"column":3}},"116":{"start":{"line":117,"column":0},"end":{"line":117,"column":1}}},"s":{"16":0,"17":0,"22":0,"23":0,"25":0,"26":0,"27":0,"29":0,"30":0,"35":0,"36":0,"37":0,"38":0,"44":0,"45":0,"46":0,"48":0,"50":0,"51":0,"53":0,"56":0,"57":0,"58":0,"59":0,"60":0,"62":0,"63":0,"68":0,"69":0,"70":0,"71":0,"76":0,"77":0,"78":0,"79":0,"84":0,"85":0,"86":0,"91":0,"92":0,"93":0,"101":0,"102":0,"103":0,"104":0,"107":0,"110":0,"111":0,"112":0,"114":0,"115":0,"116":0},"branchMap":{"0":{"type":"branch","line":1,"loc":{"start":{"line":1,"column":3062},"end":{"line":117,"column":1}},"locations":[{"start":{"line":1,"column":3062},"end":{"line":117,"column":1}}]}},"b":{"0":[1]},"fnMap":{"0":{"name":"(empty-report)","decl":{"start":{"line":1,"column":3062},"end":{"line":117,"column":1}},"loc":{"start":{"line":1,"column":3062},"end":{"line":117,"column":1}},"line":1}},"f":{"0":1}}
,"/Users/alexanderfedin/Projects/hapyy/hupyy-cpp-to-c/website/src/adapters/MockProgressReporter.ts": {"path":"/Users/alexanderfedin/Projects/hapyy/hupyy-cpp-to-c/website/src/adapters/MockProgressReporter.ts","all":true,"statementMap":{"17":{"start":{"line":18,"column":0},"end":{"line":18,"column":64}},"18":{"start":{"line":19,"column":0},"end":{"line":19,"column":34}},"19":{"start":{"line":20,"column":0},"end":{"line":20,"column":13}},"20":{"start":{"line":21,"column":0},"end":{"line":21,"column":15}},"21":{"start":{"line":22,"column":0},"end":{"line":22,"column":18}},"22":{"start":{"line":23,"column":0},"end":{"line":23,"column":4}},"27":{"start":{"line":28,"column":0},"end":{"line":28,"column":30}},"28":{"start":{"line":29,"column":0},"end":{"line":29,"column":18}},"29":{"start":{"line":30,"column":0},"end":{"line":30,"column":12}},"30":{"start":{"line":31,"column":0},"end":{"line":31,"column":17}},"31":{"start":{"line":32,"column":0},"end":{"line":32,"column":20}},"32":{"start":{"line":33,"column":0},"end":{"line":33,"column":25}},"33":{"start":{"line":34,"column":0},"end":{"line":34,"column":6}},"34":{"start":{"line":35,"column":0},"end":{"line":35,"column":3}},"39":{"start":{"line":40,"column":0},"end":{"line":40,"column":51}},"40":{"start":{"line":41,"column":0},"end":{"line":41,"column":33}},"41":{"start":{"line":42,"column":0},"end":{"line":42,"column":33}},"42":{"start":{"line":43,"column":0},"end":{"line":43,"column":80}},"43":{"start":{"line":44,"column":0},"end":{"line":44,"column":3}},"48":{"start":{"line":49,"column":0},"end":{"line":49,"column":20}},"49":{"start":{"line":50,"column":0},"end":{"line":50,"column":42}},"50":{"start":{"line":51,"column":0},"end":{"line":51,"column":32}},"51":{"start":{"line":52,"column":0},"end":{"line":52,"column":35}},"52":{"start":{"line":53,"column":0},"end":{"line":53,"column":3}},"57":{"start":{"line":58,"column":0},"end":{"line":58,"column":32}},"58":{"start":{"line":59,"column":0},"end":{"line":59,"column":33}},"59":{"start":{"line":60,"column":0},"end":{"line":60,"column":3}},"64":{"start":{"line":65,"column":0},"end":{"line":65,"column":29}},"65":{"start":{"line":66,"column":0},"end":{"line":66,"column":29}},"66":{"start":{"line":67,"column":0},"end":{"line":67,"column":3}},"72":{"start":{"line":73,"column":0},"end":{"line":73,"column":71}},"73":{"start":{"line":74,"column":0},"end":{"line":74,"column":22}},"74":{"start":{"line":75,"column":0},"end":{"line":75,"column":15}},"75":{"start":{"line":76,"column":0},"end":{"line":76,"column":5}},"77":{"start":{"line":78,"column":0},"end":{"line":78,"column":47}},"80":{"start":{"line":81,"column":0},"end":{"line":81,"column":62}},"81":{"start":{"line":82,"column":0},"end":{"line":82,"column":3}},"86":{"start":{"line":87,"column":0},"end":{"line":87,"column":17}},"87":{"start":{"line":88,"column":0},"end":{"line":88,"column":18}},"88":{"start":{"line":89,"column":0},"end":{"line":89,"column":15}},"89":{"start":{"line":90,"column":0},"end":{"line":90,"column":17}},"90":{"start":{"line":91,"column":0},"end":{"line":91,"column":20}},"91":{"start":{"line":92,"column":0},"end":{"line":92,"column":6}},"92":{"start":{"line":93,"column":0},"end":{"line":93,"column":3}},"97":{"start":{"line":98,"column":0},"end":{"line":98,"column":26}},"101":{"start":{"line":102,"column":0},"end":{"line":102,"column":10}},"106":{"start":{"line":107,"column":0},"end":{"line":107,"column":25}},"107":{"start":{"line":108,"column":0},"end":{"line":108,"column":22}},"108":{"start":{"line":109,"column":0},"end":{"line":109,"column":3}},"113":{"start":{"line":114,"column":0},"end":{"line":114,"column":37}},"114":{"start":{"line":115,"column":0},"end":{"line":115,"column":29}},"115":{"start":{"line":116,"column":0},"end":{"line":116,"column":3}},"121":{"start":{"line":122,"column":0},"end":{"line":122,"column":24}},"122":{"start":{"line":123,"column":0},"end":{"line":123,"column":54}},"123":{"start":{"line":124,"column":0},"end":{"line":124,"column":18}},"124":{"start":{"line":125,"column":0},"end":{"line":125,"column":11}},"125":{"start":{"line":126,"column":0},"end":{"line":126,"column":23}},"126":{"start":{"line":127,"column":0},"end":{"line":127,"column":25}},"127":{"start":{"line":128,"column":0},"end":{"line":128,"column":15}},"128":{"start":{"line":129,"column":0},"end":{"line":129,"column":30}},"129":{"start":{"line":130,"column":0},"end":{"line":130,"column":13}},"130":{"start":{"line":131,"column":0},"end":{"line":131,"column":9}},"131":{"start":{"line":132,"column":0},"end":{"line":132,"column":5}},"132":{"start":{"line":133,"column":0},"end":{"line":133,"column":3}},"133":{"start":{"line":134,"column":0},"end":{"line":134,"column":1}}},"s":{"17":0,"18":0,"19":0,"20":0,"21":0,"22":0,"27":0,"28":0,"29":0,"30":0,"31":0,"32":0,"33":0,"34":0,"39":0,"40":0,"41":0,"42":0,"43":0,"48":0,"49":0,"50":0,"51":0,"52":0,"57":0,"58":0,"59":0,"64":0,"65":0,"66":0,"72":0,"73":0,"74":0,"75":0,"77":0,"80":0,"81":0,"86":0,"87":0,"88":0,"89":0,"90":0,"91":0,"92":0,"97":0,"101":0,"106":0,"107":0,"108":0,"113":0,"114":0,"115":0,"121":0,"122":0,"123":0,"124":0,"125":0,"126":0,"127":0,"128":0,"129":0,"130":0,"131":0,"132":0,"133":0},"branchMap":{"0":{"type":"branch","line":1,"loc":{"start":{"line":1,"column":2713},"end":{"line":134,"column":1}},"locations":[{"start":{"line":1,"column":2713},"end":{"line":134,"column":1}}]}},"b":{"0":[1]},"fnMap":{"0":{"name":"(empty-report)","decl":{"start":{"line":1,"column":2713},"end":{"line":134,"column":1}},"loc":{"start":{"line":1,"column":2713},"end":{"line":134,"column":1}},"line":1}},"f":{"0":1}}
,"/Users/alexanderfedin/Projects/hapyy/hupyy-cpp-to-c/website/src/adapters/MockTranspiler.ts": {"path":"/Users/alexanderfedin/Projects/hapyy/hupyy-cpp-to-c/website/src/adapters/MockTranspiler.ts","all":true,"statementMap":{"21":{"start":{"line":22,"column":0},"end":{"line":22,"column":52}},"25":{"start":{"line":26,"column":0},"end":{"line":26,"column":18}},"26":{"start":{"line":27,"column":0},"end":{"line":27,"column":19}},"27":{"start":{"line":28,"column":0},"end":{"line":28,"column":30}},"28":{"start":{"line":29,"column":0},"end":{"line":29,"column":31}},"30":{"start":{"line":31,"column":0},"end":{"line":31,"column":42}},"31":{"start":{"line":32,"column":0},"end":{"line":32,"column":14}},"32":{"start":{"line":33,"column":0},"end":{"line":33,"column":23}},"33":{"start":{"line":34,"column":0},"end":{"line":34,"column":35}},"34":{"start":{"line":35,"column":0},"end":{"line":35,"column":40}},"35":{"start":{"line":36,"column":0},"end":{"line":36,"column":8}},"36":{"start":{"line":37,"column":0},"end":{"line":37,"column":5}},"39":{"start":{"line":40,"column":0},"end":{"line":40,"column":56}},"41":{"start":{"line":42,"column":0},"end":{"line":42,"column":28}},"42":{"start":{"line":43,"column":0},"end":{"line":43,"column":14}},"43":{"start":{"line":44,"column":0},"end":{"line":44,"column":23}},"44":{"start":{"line":45,"column":0},"end":{"line":45,"column":60}},"45":{"start":{"line":46,"column":0},"end":{"line":46,"column":39}},"46":{"start":{"line":47,"column":0},"end":{"line":47,"column":40}},"47":{"start":{"line":48,"column":0},"end":{"line":48,"column":8}},"48":{"start":{"line":49,"column":0},"end":{"line":49,"column":5}},"51":{"start":{"line":52,"column":0},"end":{"line":52,"column":58}},"53":{"start":{"line":54,"column":0},"end":{"line":54,"column":12}},"54":{"start":{"line":55,"column":0},"end":{"line":55,"column":20}},"55":{"start":{"line":56,"column":0},"end":{"line":56,"column":12}},"56":{"start":{"line":57,"column":0},"end":{"line":57,"column":45}},"57":{"start":{"line":58,"column":0},"end":{"line":58,"column":38}},"58":{"start":{"line":59,"column":0},"end":{"line":59,"column":6}},"59":{"start":{"line":60,"column":0},"end":{"line":60,"column":3}},"64":{"start":{"line":65,"column":0},"end":{"line":65,"column":66}},"65":{"start":{"line":66,"column":0},"end":{"line":66,"column":32}},"66":{"start":{"line":67,"column":0},"end":{"line":67,"column":34}},"69":{"start":{"line":70,"column":0},"end":{"line":70,"column":51}},"70":{"start":{"line":71,"column":0},"end":{"line":71,"column":54}},"71":{"start":{"line":72,"column":0},"end":{"line":72,"column":5}},"74":{"start":{"line":75,"column":0},"end":{"line":75,"column":40}},"75":{"start":{"line":76,"column":0},"end":{"line":76,"column":57}},"76":{"start":{"line":77,"column":0},"end":{"line":77,"column":5}},"78":{"start":{"line":79,"column":0},"end":{"line":79,"column":12}},"79":{"start":{"line":80,"column":0},"end":{"line":80,"column":33}},"80":{"start":{"line":81,"column":0},"end":{"line":81,"column":53}},"81":{"start":{"line":82,"column":0},"end":{"line":82,"column":59}},"82":{"start":{"line":83,"column":0},"end":{"line":83,"column":6}},"83":{"start":{"line":84,"column":0},"end":{"line":84,"column":3}},"89":{"start":{"line":90,"column":0},"end":{"line":90,"column":28}},"90":{"start":{"line":91,"column":0},"end":{"line":91,"column":19}},"91":{"start":{"line":92,"column":0},"end":{"line":92,"column":30}},"92":{"start":{"line":93,"column":0},"end":{"line":93,"column":13}},"94":{"start":{"line":95,"column":0},"end":{"line":95,"column":77}},"97":{"start":{"line":98,"column":0},"end":{"line":98,"column":61}},"98":{"start":{"line":99,"column":0},"end":{"line":99,"column":51}},"99":{"start":{"line":100,"column":0},"end":{"line":100,"column":51}},"100":{"start":{"line":101,"column":0},"end":{"line":101,"column":11}},"102":{"start":{"line":103,"column":0},"end":{"line":103,"column":45}},"105":{"start":{"line":106,"column":0},"end":{"line":106,"column":41}},"106":{"start":{"line":107,"column":0},"end":{"line":107,"column":56}},"107":{"start":{"line":108,"column":0},"end":{"line":108,"column":5}},"109":{"start":{"line":110,"column":0},"end":{"line":110,"column":17}},"110":{"start":{"line":111,"column":0},"end":{"line":111,"column":3}},"115":{"start":{"line":116,"column":0},"end":{"line":116,"column":20}},"116":{"start":{"line":117,"column":0},"end":{"line":117,"column":80}},"117":{"start":{"line":118,"column":0},"end":{"line":118,"column":11}},"118":{"start":{"line":119,"column":0},"end":{"line":119,"column":24}},"119":{"start":{"line":120,"column":0},"end":{"line":120,"column":3}},"124":{"start":{"line":125,"column":0},"end":{"line":125,"column":22}},"125":{"start":{"line":126,"column":0},"end":{"line":126,"column":53}},"126":{"start":{"line":127,"column":0},"end":{"line":127,"column":11}},"127":{"start":{"line":128,"column":0},"end":{"line":128,"column":28}},"128":{"start":{"line":129,"column":0},"end":{"line":129,"column":3}},"129":{"start":{"line":130,"column":0},"end":{"line":130,"column":1}}},"s":{"21":0,"25":0,"26":0,"27":0,"28":0,"30":0,"31":0,"32":0,"33":0,"34":0,"35":0,"36":0,"39":0,"41":0,"42":0,"43":0,"44":0,"45":0,"46":0,"47":0,"48":0,"51":0,"53":0,"54":0,"55":0,"56":0,"57":0,"58":0,"59":0,"64":0,"65":0,"66":0,"69":0,"70":0,"71":0,"74":0,"75":0,"76":0,"78":0,"79":0,"80":0,"81":0,"82":0,"83":0,"89":0,"90":0,"91":0,"92":0,"94":0,"97":0,"98":0,"99":0,"100":0,"102":0,"105":0,"106":0,"107":0,"109":0,"110":0,"115":0,"116":0,"117":0,"118":0,"119":0,"124":0,"125":0,"126":0,"127":0,"128":0,"129":0},"branchMap":{"0":{"type":"branch","line":1,"loc":{"start":{"line":1,"column":3334},"end":{"line":130,"column":1}},"locations":[{"start":{"line":1,"column":3334},"end":{"line":130,"column":1}}]}},"b":{"0":[1]},"fnMap":{"0":{"name":"(empty-report)","decl":{"start":{"line":1,"column":3334},"end":{"line":130,"column":1}},"loc":{"start":{"line":1,"column":3334},"end":{"line":130,"column":1}},"line":1}},"f":{"0":1}}
,"/Users/alexanderfedin/Projects/hapyy/hupyy-cpp-to-c/website/src/adapters/index.ts": {"path":"/Users/alexanderfedin/Projects/hapyy/hupyy-cpp-to-c/website/src/adapters/index.ts","all":true,"statementMap":{"8":{"start":{"line":9,"column":0},"end":{"line":9,"column":50}},"9":{"start":{"line":10,"column":0},"end":{"line":10,"column":50}},"10":{"start":{"line":11,"column":0},"end":{"line":11,"column":62}},"13":{"start":{"line":14,"column":0},"end":{"line":14,"column":70}},"14":{"start":{"line":15,"column":0},"end":{"line":15,"column":68}}},"s":{"8":0,"9":0,"10":0,"13":0,"14":0},"branchMap":{"0":{"type":"branch","line":1,"loc":{"start":{"line":1,"column":595},"end":{"line":15,"column":68}},"locations":[{"start":{"line":1,"column":595},"end":{"line":15,"column":68}}]}},"b":{"0":[1]},"fnMap":{"0":{"name":"(empty-report)","decl":{"start":{"line":1,"column":595},"end":{"line":15,"column":68}},"loc":{"start":{"line":1,"column":595},"end":{"line":15,"column":68}},"line":1}},"f":{"0":1}}
,"/Users/alexanderfedin/Projects/hapyy/hupyy-cpp-to-c/website/src/core/interfaces/IFileSystem.ts": {"path":"/Users/alexanderfedin/Projects/hapyy/hupyy-cpp-to-c/website/src/core/interfaces/IFileSystem.ts","all":true,"statementMap":{},"s":{},"branchMap":{"0":{"type":"branch","line":1,"loc":{"start":{"line":1,"column":1302},"end":{"line":45,"column":1}},"locations":[{"start":{"line":1,"column":1302},"end":{"line":45,"column":1}}]}},"b":{"0":[1]},"fnMap":{"0":{"name":"(empty-report)","decl":{"start":{"line":1,"column":1302},"end":{"line":45,"column":1}},"loc":{"start":{"line":1,"column":1302},"end":{"line":45,"column":1}},"line":1}},"f":{"0":1}}
,"/Users/alexanderfedin/Projects/hapyy/hupyy-cpp-to-c/website/src/core/interfaces/IProgressReporter.ts": {"path":"/Users/alexanderfedin/Projects/hapyy/hupyy-cpp-to-c/website/src/core/interfaces/IProgressReporter.ts","all":true,"statementMap":{},"s":{},"branchMap":{"0":{"type":"branch","line":1,"loc":{"start":{"line":1,"column":1105},"end":{"line":51,"column":1}},"locations":[{"start":{"line":1,"column":1105},"end":{"line":51,"column":1}}]}},"b":{"0":[1]},"fnMap":{"0":{"name":"(empty-report)","decl":{"start":{"line":1,"column":1105},"end":{"line":51,"column":1}},"loc":{"start":{"line":1,"column":1105},"end":{"line":51,"column":1}},"line":1}},"f":{"0":1}}
,"/Users/alexanderfedin/Projects/hapyy/hupyy-cpp-to-c/website/src/core/interfaces/ITranspiler.ts": {"path":"/Users/alexanderfedin/Projects/hapyy/hupyy-cpp-to-c/website/src/core/interfaces/ITranspiler.ts","all":true,"statementMap":{},"s":{},"branchMap":{"0":{"type":"branch","line":1,"loc":{"start":{"line":1,"column":1049},"end":{"line":34,"column":1}},"locations":[{"start":{"line":1,"column":1049},"end":{"line":34,"column":1}}]}},"b":{"0":[1]},"fnMap":{"0":{"name":"(empty-report)","decl":{"start":{"line":1,"column":1049},"end":{"line":34,"column":1}},"loc":{"start":{"line":1,"column":1049},"end":{"line":34,"column":1}},"line":1}},"f":{"0":1}}
,"/Users/alexanderfedin/Projects/hapyy/hupyy-cpp-to-c/website/src/core/interfaces/index.ts": {"path":"/Users/alexanderfedin/Projects/hapyy/hupyy-cpp-to-c/website/src/core/interfaces/index.ts","all":true,"statementMap":{},"s":{},"branchMap":{"0":{"type":"branch","line":1,"loc":{"start":{"line":1,"column":551},"end":{"line":22,"column":17}},"locations":[{"start":{"line":1,"column":551},"end":{"line":22,"column":17}}]}},"b":{"0":[1]},"fnMap":{"0":{"name":"(empty-report)","decl":{"start":{"line":1,"column":551},"end":{"line":22,"column":17}},"loc":{"start":{"line":1,"column":551},"end":{"line":22,"column":17}},"line":1}},"f":{"0":1}}
,"/Users/alexanderfedin/Projects/hapyy/hupyy-cpp-to-c/website/src/core/interfaces/types.ts": {"path":"/Users/alexanderfedin/Projects/hapyy/hupyy-cpp-to-c/website/src/core/interfaces/types.ts","all":true,"statementMap":{},"s":{},"branchMap":{"0":{"type":"branch","line":1,"loc":{"start":{"line":1,"column":2207},"end":{"line":157,"column":1}},"locations":[{"start":{"line":1,"column":2207},"end":{"line":157,"column":1}}]}},"b":{"0":[1]},"fnMap":{"0":{"name":"(empty-report)","decl":{"start":{"line":1,"column":2207},"end":{"line":157,"column":1}},"loc":{"start":{"line":1,"column":2207},"end":{"line":157,"column":1}},"line":1}},"f":{"0":1}}
,"/Users/alexanderfedin/Projects/hapyy/hupyy-cpp-to-c/website/src/types/file-system-access-api.d.ts": {"path":"/Users/alexanderfedin/Projects/hapyy/hupyy-cpp-to-c/website/src/types/file-system-access-api.d.ts","all":true,"statementMap":{},"s":{},"branchMap":{"0":{"type":"branch","line":1,"loc":{"start":{"line":1,"column":7364},"end":{"line":328,"column":1}},"locations":[{"start":{"line":1,"column":7364},"end":{"line":328,"column":1}}]}},"b":{"0":[1]},"fnMap":{"0":{"name":"(empty-report)","decl":{"start":{"line":1,"column":7364},"end":{"line":328,"column":1}},"loc":{"start":{"line":1,"column":7364},"end":{"line":328,"column":1}},"line":1}},"f":{"0":1}}
}
